{"/home/kwanj/andela/store_manager/fetchSetup.js": {"path":"/home/kwanj/andela/store_manager/fetchSetup.js","statementMap":{"0":{"start":{"line":1,"column":0},"end":{"line":1,"column":41}}},"fnMap":{},"branchMap":{},"s":{"0":2},"f":{},"b":{},"_coverageSchema":"332fd63041d2c1bcb487cc26dd0d5f7d97098a6c","hash":"0c2607aa739e879f7cdf6bdb51afd88220fc403e"}
,"/home/kwanj/andela/store_manager/UI/static/js/login.js": {"path":"/home/kwanj/andela/store_manager/UI/static/js/login.js","statementMap":{"0":{"start":{"line":3,"column":0},"end":{"line":29,"column":5}},"1":{"start":{"line":4,"column":16},"end":{"line":4,"column":54}},"2":{"start":{"line":5,"column":19},"end":{"line":5,"column":60}},"3":{"start":{"line":6,"column":19},"end":{"line":6,"column":76}},"4":{"start":{"line":7,"column":4},"end":{"line":28,"column":10}},"5":{"start":{"line":15,"column":23},"end":{"line":15,"column":33}},"6":{"start":{"line":17,"column":12},"end":{"line":21,"column":13}},"7":{"start":{"line":19,"column":16},"end":{"line":19,"column":69}},"8":{"start":{"line":20,"column":16},"end":{"line":20,"column":74}},"9":{"start":{"line":23,"column":12},"end":{"line":26,"column":13}},"10":{"start":{"line":25,"column":16},"end":{"line":25,"column":56}},"11":{"start":{"line":27,"column":12},"end":{"line":27,"column":61}}},"fnMap":{"0":{"name":"(anonymous_0)","decl":{"start":{"line":3,"column":8},"end":{"line":3,"column":9}},"loc":{"start":{"line":3,"column":13},"end":{"line":29,"column":5}},"line":3},"1":{"name":"(anonymous_1)","decl":{"start":{"line":15,"column":14},"end":{"line":15,"column":15}},"loc":{"start":{"line":15,"column":23},"end":{"line":15,"column":33}},"line":15},"2":{"name":"(anonymous_2)","decl":{"start":{"line":16,"column":14},"end":{"line":16,"column":15}},"loc":{"start":{"line":16,"column":24},"end":{"line":28,"column":9}},"line":16}},"branchMap":{"0":{"loc":{"start":{"line":17,"column":12},"end":{"line":21,"column":13}},"type":"if","locations":[{"start":{"line":17,"column":12},"end":{"line":21,"column":13}},{"start":{"line":17,"column":12},"end":{"line":21,"column":13}}],"line":17},"1":{"loc":{"start":{"line":23,"column":12},"end":{"line":26,"column":13}},"type":"if","locations":[{"start":{"line":23,"column":12},"end":{"line":26,"column":13}},{"start":{"line":23,"column":12},"end":{"line":26,"column":13}}],"line":23}},"s":{"0":1,"1":1,"2":1,"3":1,"4":1,"5":1,"6":1,"7":0,"8":0,"9":1,"10":1,"11":1},"f":{"0":1,"1":1,"2":1},"b":{"0":[0,1],"1":[1,0]},"_coverageSchema":"332fd63041d2c1bcb487cc26dd0d5f7d97098a6c","hash":"45f93e8f96a0c39d870694577f66c0777ffb918d"}
,"/home/kwanj/andela/store_manager/UI/static/js/signup.js": {"path":"/home/kwanj/andela/store_manager/UI/static/js/signup.js","statementMap":{"0":{"start":{"line":3,"column":0},"end":{"line":48,"column":5}},"1":{"start":{"line":4,"column":26},"end":{"line":4,"column":79}},"2":{"start":{"line":5,"column":15},"end":{"line":5,"column":57}},"3":{"start":{"line":6,"column":19},"end":{"line":6,"column":60}},"4":{"start":{"line":7,"column":16},"end":{"line":7,"column":54}},"5":{"start":{"line":8,"column":19},"end":{"line":8,"column":60}},"6":{"start":{"line":9,"column":26},"end":{"line":9,"column":74}},"7":{"start":{"line":11,"column":4},"end":{"line":16,"column":5}},"8":{"start":{"line":12,"column":22},"end":{"line":12,"column":51}},"9":{"start":{"line":13,"column":8},"end":{"line":13,"column":61}},"10":{"start":{"line":14,"column":8},"end":{"line":14,"column":61}},"11":{"start":{"line":15,"column":8},"end":{"line":15,"column":22}},"12":{"start":{"line":17,"column":4},"end":{"line":20,"column":32}},"13":{"start":{"line":22,"column":4},"end":{"line":46,"column":10}},"14":{"start":{"line":30,"column":23},"end":{"line":30,"column":33}},"15":{"start":{"line":32,"column":12},"end":{"line":36,"column":13}},"16":{"start":{"line":34,"column":16},"end":{"line":34,"column":69}},"17":{"start":{"line":35,"column":16},"end":{"line":35,"column":74}},"18":{"start":{"line":37,"column":12},"end":{"line":44,"column":13}},"19":{"start":{"line":39,"column":16},"end":{"line":39,"column":71}},"20":{"start":{"line":40,"column":16},"end":{"line":40,"column":74}},"21":{"start":{"line":41,"column":16},"end":{"line":43,"column":25}},"22":{"start":{"line":42,"column":20},"end":{"line":42,"column":57}}},"fnMap":{"0":{"name":"(anonymous_0)","decl":{"start":{"line":3,"column":12},"end":{"line":3,"column":13}},"loc":{"start":{"line":3,"column":18},"end":{"line":48,"column":5}},"line":3},"1":{"name":"(anonymous_1)","decl":{"start":{"line":30,"column":14},"end":{"line":30,"column":15}},"loc":{"start":{"line":30,"column":23},"end":{"line":30,"column":33}},"line":30},"2":{"name":"(anonymous_2)","decl":{"start":{"line":31,"column":14},"end":{"line":31,"column":15}},"loc":{"start":{"line":31,"column":24},"end":{"line":46,"column":9}},"line":31},"3":{"name":"(anonymous_3)","decl":{"start":{"line":41,"column":27},"end":{"line":41,"column":28}},"loc":{"start":{"line":41,"column":39},"end":{"line":43,"column":18}},"line":41}},"branchMap":{"0":{"loc":{"start":{"line":11,"column":4},"end":{"line":16,"column":5}},"type":"if","locations":[{"start":{"line":11,"column":4},"end":{"line":16,"column":5}},{"start":{"line":11,"column":4},"end":{"line":16,"column":5}}],"line":11},"1":{"loc":{"start":{"line":32,"column":12},"end":{"line":36,"column":13}},"type":"if","locations":[{"start":{"line":32,"column":12},"end":{"line":36,"column":13}},{"start":{"line":32,"column":12},"end":{"line":36,"column":13}}],"line":32},"2":{"loc":{"start":{"line":37,"column":12},"end":{"line":44,"column":13}},"type":"if","locations":[{"start":{"line":37,"column":12},"end":{"line":44,"column":13}},{"start":{"line":37,"column":12},"end":{"line":44,"column":13}}],"line":37}},"s":{"0":1,"1":1,"2":1,"3":1,"4":1,"5":1,"6":1,"7":1,"8":0,"9":0,"10":0,"11":0,"12":1,"13":1,"14":1,"15":1,"16":0,"17":0,"18":1,"19":1,"20":1,"21":1,"22":0},"f":{"0":1,"1":1,"2":1,"3":0},"b":{"0":[0,1],"1":[0,1],"2":[1,0]},"_coverageSchema":"332fd63041d2c1bcb487cc26dd0d5f7d97098a6c","hash":"939fd133f41522809d4495eb4cf1a01db3937ccf"}
}
