{"total": {"lines":{"total":109,"covered":64,"skipped":0,"pct":58.72},"statements":{"total":109,"covered":64,"skipped":0,"pct":58.72},"functions":{"total":22,"covered":13,"skipped":0,"pct":59.09},"branches":{"total":30,"covered":11,"skipped":0,"pct":36.67}}
,"/home/kwanj/andela/store_manager/fetchSetup.js": {"lines":{"total":1,"covered":1,"skipped":0,"pct":100},"functions":{"total":0,"covered":0,"skipped":0,"pct":100},"statements":{"total":1,"covered":1,"skipped":0,"pct":100},"branches":{"total":0,"covered":0,"skipped":0,"pct":100}}
,"/home/kwanj/andela/store_manager/UI/static/js/addtocart.js": {"lines":{"total":23,"covered":15,"skipped":0,"pct":65.22},"functions":{"total":4,"covered":3,"skipped":0,"pct":75},"statements":{"total":23,"covered":15,"skipped":0,"pct":65.22},"branches":{"total":6,"covered":3,"skipped":0,"pct":50}}
,"/home/kwanj/andela/store_manager/UI/static/js/admin-products.js": {"lines":{"total":34,"covered":16,"skipped":0,"pct":47.06},"functions":{"total":8,"covered":3,"skipped":0,"pct":37.5},"statements":{"total":34,"covered":16,"skipped":0,"pct":47.06},"branches":{"total":10,"covered":3,"skipped":0,"pct":30}}
,"/home/kwanj/andela/store_manager/UI/static/js/all-sales.js": {"lines":{"total":16,"covered":6,"skipped":0,"pct":37.5},"functions":{"total":3,"covered":1,"skipped":0,"pct":33.33},"statements":{"total":16,"covered":6,"skipped":0,"pct":37.5},"branches":{"total":4,"covered":0,"skipped":0,"pct":0}}
,"/home/kwanj/andela/store_manager/UI/static/js/login.js": {"lines":{"total":12,"covered":10,"skipped":0,"pct":83.33},"functions":{"total":3,"covered":3,"skipped":0,"pct":100},"statements":{"total":12,"covered":10,"skipped":0,"pct":83.33},"branches":{"total":4,"covered":2,"skipped":0,"pct":50}}
,"/home/kwanj/andela/store_manager/UI/static/js/signup.js": {"lines":{"total":23,"covered":16,"skipped":0,"pct":69.57},"functions":{"total":4,"covered":3,"skipped":0,"pct":75},"statements":{"total":23,"covered":16,"skipped":0,"pct":69.57},"branches":{"total":6,"covered":3,"skipped":0,"pct":50}}
}
