TN:
SF:/home/kwanj/andela/store_manager/fetchSetup.js
FNF:0
FNH:0
DA:1,5
LF:1
LH:1
BRF:0
BRH:0
end_of_record
TN:
SF:/home/kwanj/andela/store_manager/UI/static/js/addtocart.js
FN:2,addProductsNum
FN:7,(anonymous_1)
FN:26,(anonymous_2)
FN:27,(anonymous_3)
FNF:4
FNH:3
FNDA:0,addProductsNum
FNDA:1,(anonymous_1)
FNDA:1,(anonymous_2)
FNDA:1,(anonymous_3)
DA:1,1
DA:3,0
DA:7,1
DA:8,1
DA:9,1
DA:10,1
DA:11,1
DA:12,1
DA:13,1
DA:14,0
DA:15,0
DA:16,0
DA:18,1
DA:26,1
DA:28,1
DA:30,0
DA:31,0
DA:32,0
DA:34,1
DA:36,1
DA:37,1
DA:38,1
DA:40,0
LF:23
LH:15
BRDA:13,0,0,0
BRDA:13,0,1,1
BRDA:28,1,0,0
BRDA:28,1,1,1
BRDA:34,2,0,1
BRDA:34,2,1,0
BRF:6
BRH:3
end_of_record
TN:
SF:/home/kwanj/andela/store_manager/UI/static/js/admin-products.js
FN:3,(anonymous_0)
FN:29,(anonymous_1)
FN:30,(anonymous_2)
FN:40,(anonymous_3)
FN:48,(anonymous_4)
FN:64,(anonymous_5)
FN:65,(anonymous_6)
FN:75,(anonymous_7)
FNF:8
FNH:3
FNDA:1,(anonymous_0)
FNDA:1,(anonymous_1)
FNDA:1,(anonymous_2)
FNDA:0,(anonymous_3)
FNDA:0,(anonymous_4)
FNDA:0,(anonymous_5)
FNDA:0,(anonymous_6)
FNDA:0,(anonymous_7)
DA:3,1
DA:4,1
DA:5,1
DA:6,1
DA:7,1
DA:8,1
DA:9,1
DA:10,1
DA:12,0
DA:15,1
DA:29,1
DA:31,1
DA:33,0
DA:34,0
DA:36,1
DA:38,1
DA:39,1
DA:40,1
DA:41,0
DA:48,1
DA:49,0
DA:50,0
DA:51,0
DA:52,0
DA:54,0
DA:64,0
DA:66,0
DA:68,0
DA:69,0
DA:71,0
DA:73,0
DA:74,0
DA:75,0
DA:76,0
LF:34
LH:16
BRDA:9,0,0,1
BRDA:9,0,1,0
BRDA:31,1,0,0
BRDA:31,1,1,1
BRDA:36,2,0,1
BRDA:36,2,1,0
BRDA:66,3,0,0
BRDA:66,3,1,0
BRDA:71,4,0,0
BRDA:71,4,1,0
BRF:10
BRH:3
end_of_record
TN:
SF:/home/kwanj/andela/store_manager/UI/static/js/all-sales.js
FN:14,(anonymous_0)
FN:15,(anonymous_1)
FN:26,(anonymous_2)
FNF:3
FNH:1
FNDA:1,(anonymous_0)
FNDA:0,(anonymous_1)
FNDA:0,(anonymous_2)
DA:3,1
DA:4,1
DA:5,1
DA:6,1
DA:7,1
DA:14,1
DA:16,0
DA:18,0
DA:19,0
DA:20,0
DA:22,0
DA:24,0
DA:25,0
DA:26,0
DA:27,0
DA:39,0
LF:16
LH:6
BRDA:16,0,0,0
BRDA:16,0,1,0
BRDA:22,1,0,0
BRDA:22,1,1,0
BRF:4
BRH:0
end_of_record
TN:
SF:/home/kwanj/andela/store_manager/UI/static/js/login.js
FN:2,(anonymous_0)
FN:14,(anonymous_1)
FN:15,(anonymous_2)
FNF:3
FNH:3
FNDA:1,(anonymous_0)
FNDA:1,(anonymous_1)
FNDA:1,(anonymous_2)
DA:2,1
DA:3,1
DA:4,1
DA:5,1
DA:6,1
DA:14,1
DA:16,1
DA:18,0
DA:19,0
DA:22,1
DA:24,1
DA:26,1
LF:12
LH:10
BRDA:16,0,0,0
BRDA:16,0,1,1
BRDA:22,1,0,1
BRDA:22,1,1,0
BRF:4
BRH:2
end_of_record
TN:
SF:/home/kwanj/andela/store_manager/UI/static/js/signup.js
FN:3,(anonymous_0)
FN:32,(anonymous_1)
FN:33,(anonymous_2)
FN:43,(anonymous_3)
FNF:4
FNH:3
FNDA:1,(anonymous_0)
FNDA:1,(anonymous_1)
FNDA:1,(anonymous_2)
FNDA:0,(anonymous_3)
DA:3,1
DA:4,1
DA:5,1
DA:6,1
DA:7,1
DA:8,1
DA:9,1
DA:11,1
DA:12,0
DA:13,0
DA:14,0
DA:15,0
DA:17,1
DA:24,1
DA:32,1
DA:34,1
DA:36,0
DA:37,0
DA:39,1
DA:41,1
DA:42,1
DA:43,1
DA:44,0
LF:23
LH:16
BRDA:11,0,0,0
BRDA:11,0,1,1
BRDA:34,1,0,0
BRDA:34,1,1,1
BRDA:39,2,0,1
BRDA:39,2,1,0
BRF:6
BRH:3
end_of_record
