TN:
SF:/home/kwanj/andela/store_manager/fetchSetup.js
FNF:0
FNH:0
DA:1,2
LF:1
LH:1
BRF:0
BRH:0
end_of_record
TN:
SF:/home/kwanj/andela/store_manager/UI/static/js/login.js
FN:3,(anonymous_0)
FN:15,(anonymous_1)
FN:16,(anonymous_2)
FNF:3
FNH:3
FNDA:1,(anonymous_0)
FNDA:1,(anonymous_1)
FNDA:1,(anonymous_2)
DA:3,1
DA:4,1
DA:5,1
DA:6,1
DA:7,1
DA:15,1
DA:17,1
DA:19,0
DA:20,0
DA:23,1
DA:25,1
DA:27,1
LF:12
LH:10
BRDA:17,0,0,0
BRDA:17,0,1,1
BRDA:23,1,0,1
BRDA:23,1,1,0
BRF:4
BRH:2
end_of_record
TN:
SF:/home/kwanj/andela/store_manager/UI/static/js/signup.js
FN:3,(anonymous_0)
FN:30,(anonymous_1)
FN:31,(anonymous_2)
FN:41,(anonymous_3)
FNF:4
FNH:3
FNDA:1,(anonymous_0)
FNDA:1,(anonymous_1)
FNDA:1,(anonymous_2)
FNDA:0,(anonymous_3)
DA:3,1
DA:4,1
DA:5,1
DA:6,1
DA:7,1
DA:8,1
DA:9,1
DA:11,1
DA:12,0
DA:13,0
DA:14,0
DA:15,0
DA:17,1
DA:22,1
DA:30,1
DA:32,1
DA:34,0
DA:35,0
DA:37,1
DA:39,1
DA:40,1
DA:41,1
DA:42,0
LF:23
LH:16
BRDA:11,0,0,0
BRDA:11,0,1,1
BRDA:32,1,0,0
BRDA:32,1,1,1
BRDA:37,2,0,1
BRDA:37,2,1,0
BRF:6
BRH:3
end_of_record
